TN:
SF:/Users/jonathanboggon/Documents/sites.nosync/whoop-whoop-commute/app/components/conditional-render/conditional-render.jsx
FN:13,ConditionalRender
FN:20,handleLoader
FNF:2
FNH:2
FNDA:5,ConditionalRender
FNDA:3,handleLoader
DA:21,3
DA:23,1
DA:25,2
DA:29,5
DA:38,2
DA:51,2
LF:6
LH:6
BRDA:21,0,0,1
BRDA:21,0,1,2
BRDA:31,1,0,5
BRDA:31,1,1,3
BRDA:32,2,0,5
BRDA:32,2,1,2
BRDA:32,2,2,1
BRDA:33,3,0,5
BRDA:33,3,1,1
BRF:9
BRH:9
end_of_record
TN:
SF:/Users/jonathanboggon/Documents/sites.nosync/whoop-whoop-commute/app/components/loader-default/loader-default.jsx
FN:7,LoaderDefault
FNF:1
FNH:1
FNDA:2,LoaderDefault
DA:8,2
LF:1
LH:1
BRF:0
BRH:0
end_of_record
TN:
SF:/Users/jonathanboggon/Documents/sites.nosync/whoop-whoop-commute/app/components/loader-one/loader-one.jsx
FN:7,LoaderOne
FNF:1
FNH:1
FNDA:2,LoaderOne
DA:8,2
LF:1
LH:1
BRF:0
BRH:0
end_of_record
TN:
SF:/Users/jonathanboggon/Documents/sites.nosync/whoop-whoop-commute/app/components/page-not-found/page-not-found.jsx
FN:8,PageNotFound
FNF:1
FNH:1
FNDA:1,PageNotFound
DA:9,1
LF:1
LH:1
BRF:0
BRH:0
end_of_record
TN:
SF:/Users/jonathanboggon/Documents/sites.nosync/whoop-whoop-commute/app/features/home/home-container.jsx
FN:29,(anonymous_0)
FN:37,(anonymous_1)
FN:47,(anonymous_2)
FN:52,(anonymous_3)
FNF:4
FNH:4
FNDA:1,(anonymous_0)
FNDA:5,(anonymous_1)
FNDA:5,(anonymous_2)
FNDA:1,(anonymous_3)
DA:30,1
DA:38,5
DA:39,2
DA:48,5
DA:53,1
DA:62,1
LF:6
LH:6
BRDA:38,0,0,2
BRDA:38,0,1,3
BRF:2
BRH:2
end_of_record
TN:
SF:/Users/jonathanboggon/Documents/sites.nosync/whoop-whoop-commute/app/features/home/home.jsx
FN:19,Home
FNF:1
FNH:1
FNDA:1,Home
DA:11,2
DA:20,1
DA:32,2
DA:36,2
LF:4
LH:4
BRF:0
BRH:0
end_of_record
TN:
SF:/Users/jonathanboggon/Documents/sites.nosync/whoop-whoop-commute/app/features/home/actions/home-actions.fixture.js
FNF:0
FNH:0
DA:1,1
LF:1
LH:1
BRF:0
BRH:0
end_of_record
TN:
SF:/Users/jonathanboggon/Documents/sites.nosync/whoop-whoop-commute/app/features/home/actions/home-actions.js
FN:9,(anonymous_0)
FN:24,(anonymous_1)
FN:34,(anonymous_2)
FNF:3
FNH:3
FNDA:2,(anonymous_0)
FNDA:2,(anonymous_1)
FNDA:2,(anonymous_2)
DA:1,4
DA:2,4
DA:3,4
DA:9,4
DA:24,4
DA:34,4
LF:6
LH:6
BRF:0
BRH:0
end_of_record
TN:
SF:/Users/jonathanboggon/Documents/sites.nosync/whoop-whoop-commute/app/features/home/epics/home-epic.js
FN:18,fetchHomeData
FN:20,(anonymous_1)
FN:22,(anonymous_2)
FN:23,(anonymous_3)
FNF:4
FNH:4
FNDA:2,fetchHomeData
FNDA:2,(anonymous_1)
FNDA:1,(anonymous_2)
FNDA:1,(anonymous_3)
DA:19,2
DA:21,2
DA:22,1
DA:23,1
LF:4
LH:4
BRF:0
BRH:0
end_of_record
TN:
SF:/Users/jonathanboggon/Documents/sites.nosync/whoop-whoop-commute/app/features/home/reducers/home-reducer.js
FN:18,(anonymous_0)
FNF:1
FNH:1
FNDA:4,(anonymous_0)
DA:7,1
DA:19,4
DA:21,1
DA:25,1
DA:30,1
DA:35,1
LF:6
LH:6
BRDA:18,0,0,1
BRDA:19,1,0,1
BRDA:19,1,1,1
BRDA:19,1,2,1
BRDA:19,1,3,1
BRF:5
BRH:5
end_of_record
TN:
SF:/Users/jonathanboggon/Documents/sites.nosync/whoop-whoop-commute/app/features/root/root-container.js
FNF:0
FNH:0
DA:7,1
LF:1
LH:1
BRF:0
BRH:0
end_of_record
TN:
SF:/Users/jonathanboggon/Documents/sites.nosync/whoop-whoop-commute/app/features/root/root.jsx
FN:12,Root
FNF:1
FNH:1
FNDA:1,Root
DA:13,1
DA:15,1
LF:2
LH:2
BRF:0
BRH:0
end_of_record
TN:
SF:/Users/jonathanboggon/Documents/sites.nosync/whoop-whoop-commute/app/lib/lib.js
FNF:0
FNH:0
LF:0
LH:0
BRF:0
BRH:0
end_of_record
TN:
SF:/Users/jonathanboggon/Documents/sites.nosync/whoop-whoop-commute/app/lib/helpers/api-helper/api-helper.js
FNF:0
FNH:0
DA:10,1
LF:1
LH:1
BRF:0
BRH:0
end_of_record
TN:
SF:/Users/jonathanboggon/Documents/sites.nosync/whoop-whoop-commute/app/lib/helpers/connect-to-store-helper/connect-to-store-helper.js
FN:4,(anonymous_0)
FN:4,(anonymous_1)
FN:4,(anonymous_2)
FN:10,(anonymous_3)
FN:10,(anonymous_4)
FN:12,(anonymous_5)
FNF:6
FNH:3
FNDA:3,(anonymous_0)
FNDA:0,(anonymous_1)
FNDA:0,(anonymous_2)
FNDA:3,(anonymous_3)
FNDA:0,(anonymous_4)
FNDA:3,(anonymous_5)
DA:4,6
DA:5,0
DA:7,0
DA:10,6
DA:12,6
DA:13,3
LF:6
LH:4
BRF:0
BRH:0
end_of_record
TN:
SF:/Users/jonathanboggon/Documents/sites.nosync/whoop-whoop-commute/app/lib/helpers/environments-helper/environments-helper.js
FNF:0
FNH:0
LF:0
LH:0
BRDA:2,0,0,6
BRDA:2,0,1,6
BRDA:4,1,0,6
BRDA:4,1,1,6
BRF:4
BRH:4
end_of_record
TN:
SF:/Users/jonathanboggon/Documents/sites.nosync/whoop-whoop-commute/app/lib/middleware/observable-to-promise-middleware/observable-to-promise-middleware.js
FN:6,(anonymous_0)
FN:6,(anonymous_1)
FN:9,(anonymous_2)
FN:13,(anonymous_3)
FNF:4
FNH:4
FNDA:3,(anonymous_0)
FNDA:3,(anonymous_1)
FNDA:3,(anonymous_2)
FNDA:2,(anonymous_3)
DA:6,6
DA:7,3
DA:9,3
DA:10,3
DA:12,3
DA:13,2
DA:14,2
DA:15,2
DA:17,2
DA:20,3
DA:21,0
DA:22,0
DA:23,0
DA:26,3
LF:14
LH:11
BRDA:12,0,0,2
BRDA:12,0,1,1
BRDA:12,1,0,3
BRDA:12,1,1,2
BRDA:20,2,0,0
BRDA:20,2,1,3
BRF:6
BRH:5
end_of_record
TN:
SF:/Users/jonathanboggon/Documents/sites.nosync/whoop-whoop-commute/app/mocks/global-mock.js
FNF:0
FNH:0
LF:0
LH:0
BRF:0
BRH:0
end_of_record
TN:
SF:/Users/jonathanboggon/Documents/sites.nosync/whoop-whoop-commute/server/server-development-options/server-development-options.js
FN:12,serverDevelopmentOptions
FN:18,(anonymous_1)
FNF:2
FNH:1
FNDA:1,serverDevelopmentOptions
FNDA:0,(anonymous_1)
DA:15,1
DA:16,1
DA:17,1
DA:18,1
DA:19,1
DA:22,1
DA:24,1
LF:7
LH:7
BRDA:15,0,0,1
BRDA:15,0,1,0
BRF:2
BRH:1
end_of_record
TN:
SF:/Users/jonathanboggon/Documents/sites.nosync/whoop-whoop-commute/server/server-markup/server-markup.jsx
FN:17,ServerMarkup
FNF:1
FNH:1
FNDA:1,ServerMarkup
DA:18,1
DA:20,1
DA:37,1
LF:3
LH:3
BRF:0
BRH:0
end_of_record
TN:
SF:/Users/jonathanboggon/Documents/sites.nosync/whoop-whoop-commute/server/server-routes/server-routes.js
FN:13,serverRoutes
FN:14,(anonymous_1)
FNF:2
FNH:2
FNDA:3,serverRoutes
FNDA:3,(anonymous_1)
DA:14,3
DA:15,3
DA:22,3
DA:24,3
LF:4
LH:4
BRDA:24,0,0,2
BRDA:24,0,1,1
BRF:2
BRH:2
end_of_record
